<?xml version="1.0" encoding="UTF-8"?>
<testng-results skipped="0" failed="0" ignored="0" total="1" passed="1">
  <reporter-output>
    <line>
      <![CDATA[Title is matching]]>
    </line>
    <line>
      <![CDATA[Title is matching]]>
    </line>
    <line>
      <![CDATA[Version is matching]]>
    </line>
    <line>
      <![CDATA[Title is matching]]>
    </line>
  </reporter-output>
  <suite name="Default suite" duration-ms="22594" started-at="2019-10-13T16:32:50Z" finished-at="2019-10-13T16:33:13Z">
    <groups>
    </groups>
    <test name="Default test" duration-ms="22594" started-at="2019-10-13T16:32:50Z" finished-at="2019-10-13T16:33:13Z">
      <class name="scripts.VerifyActitimeVersion">
        <test-method status="PASS" signature="openApplication()[pri:0, instance:scripts.VerifyActitimeVersion@d2cc05a]" name="openApplication" is-config="true" duration-ms="9869" started-at="2019-10-13T22:02:50Z" finished-at="2019-10-13T22:03:00Z">
          <reporter-output>
          </reporter-output>
        </test-method> <!-- openApplication -->
        <test-method status="PASS" signature="testVerifyVersion()[pri:0, instance:scripts.VerifyActitimeVersion@d2cc05a]" name="testVerifyVersion" duration-ms="9594" started-at="2019-10-13T22:03:00Z" finished-at="2019-10-13T22:03:09Z">
          <reporter-output>
            <line>
              <![CDATA[Title is matching]]>
            </line>
            <line>
              <![CDATA[Title is matching]]>
            </line>
            <line>
              <![CDATA[Version is matching]]>
            </line>
            <line>
              <![CDATA[Title is matching]]>
            </line>
          </reporter-output>
        </test-method> <!-- testVerifyVersion -->
        <test-method status="PASS" signature="closeApplication()[pri:0, instance:scripts.VerifyActitimeVersion@d2cc05a]" name="closeApplication" is-config="true" duration-ms="3082" started-at="2019-10-13T22:03:09Z" finished-at="2019-10-13T22:03:13Z">
          <reporter-output>
          </reporter-output>
        </test-method> <!-- closeApplication -->
      </class> <!-- scripts.VerifyActitimeVersion -->
    </test> <!-- Default test -->
  </suite> <!-- Default suite -->
</testng-results>
